mode: set
github.com/kiin21/go-learning/pi-calc/main.go:31.44,32.11 1 1
github.com/kiin21/go-learning/pi-calc/main.go:32.11,34.3 1 1
github.com/kiin21/go-learning/pi-calc/main.go:36.2,36.25 1 1
github.com/kiin21/go-learning/pi-calc/main.go:36.25,38.3 1 1
github.com/kiin21/go-learning/pi-calc/main.go:39.2,41.14 3 1
github.com/kiin21/go-learning/pi-calc/main.go:41.14,43.3 1 1
github.com/kiin21/go-learning/pi-calc/main.go:44.2,44.26 1 1
github.com/kiin21/go-learning/pi-calc/main.go:44.26,47.3 2 1
github.com/kiin21/go-learning/pi-calc/main.go:48.2,48.17 1 1
github.com/kiin21/go-learning/pi-calc/main.go:51.126,54.9 2 1
github.com/kiin21/go-learning/pi-calc/main.go:55.20,56.9 1 1
github.com/kiin21/go-learning/pi-calc/main.go:57.10,57.10 0 1
github.com/kiin21/go-learning/pi-calc/main.go:60.2,61.16 2 1
github.com/kiin21/go-learning/pi-calc/main.go:61.16,64.3 2 1
github.com/kiin21/go-learning/pi-calc/main.go:65.2,65.9 1 1
github.com/kiin21/go-learning/pi-calc/main.go:66.20,67.9 1 1
github.com/kiin21/go-learning/pi-calc/main.go:68.28,68.28 0 1
github.com/kiin21/go-learning/pi-calc/main.go:73.43,74.14 1 1
github.com/kiin21/go-learning/pi-calc/main.go:74.14,76.3 1 1
github.com/kiin21/go-learning/pi-calc/main.go:78.2,88.31 7 1
github.com/kiin21/go-learning/pi-calc/main.go:88.31,90.15 2 1
github.com/kiin21/go-learning/pi-calc/main.go:90.15,91.9 1 1
github.com/kiin21/go-learning/pi-calc/main.go:93.3,94.15 2 1
github.com/kiin21/go-learning/pi-calc/main.go:94.15,96.4 1 1
github.com/kiin21/go-learning/pi-calc/main.go:97.3,98.55 2 1
github.com/kiin21/go-learning/pi-calc/main.go:101.2,101.12 1 1
github.com/kiin21/go-learning/pi-calc/main.go:101.12,105.3 3 1
github.com/kiin21/go-learning/pi-calc/main.go:107.2,108.6 2 1
github.com/kiin21/go-learning/pi-calc/main.go:108.6,109.10 1 1
github.com/kiin21/go-learning/pi-calc/main.go:110.25,111.18 1 1
github.com/kiin21/go-learning/pi-calc/main.go:111.18,114.5 2 1
github.com/kiin21/go-learning/pi-calc/main.go:115.30,116.11 1 1
github.com/kiin21/go-learning/pi-calc/main.go:116.11,118.5 1 1
github.com/kiin21/go-learning/pi-calc/main.go:119.4,119.14 1 1
github.com/kiin21/go-learning/pi-calc/main.go:125.45,126.14 1 1
github.com/kiin21/go-learning/pi-calc/main.go:126.14,128.3 1 1
github.com/kiin21/go-learning/pi-calc/main.go:129.2,131.29 3 1
github.com/kiin21/go-learning/pi-calc/main.go:131.29,134.3 2 1
github.com/kiin21/go-learning/pi-calc/main.go:135.2,135.21 1 1
github.com/kiin21/go-learning/pi-calc/main.go:144.51,150.16 4 1
github.com/kiin21/go-learning/pi-calc/main.go:150.16,152.3 1 1
github.com/kiin21/go-learning/pi-calc/main.go:154.2,159.20 2 1
github.com/kiin21/go-learning/pi-calc/main.go:162.13,167.31 3 0
github.com/kiin21/go-learning/pi-calc/main.go:167.31,170.17 3 0
github.com/kiin21/go-learning/pi-calc/main.go:170.17,173.4 2 0
github.com/kiin21/go-learning/pi-calc/main.go:174.3,174.118 1 0
github.com/kiin21/go-learning/pi-calc/main.go:177.2,178.31 2 0
github.com/kiin21/go-learning/pi-calc/main.go:178.31,181.17 3 0
github.com/kiin21/go-learning/pi-calc/main.go:181.17,184.4 2 0
github.com/kiin21/go-learning/pi-calc/main.go:185.3,185.118 1 0
